<?xml version="1.0" encoding="UTF-8"?>
<testng-results ignored="0" total="3" passed="3" failed="0" skipped="0">
  <reporter-output>
  </reporter-output>
  <suite started-at="2024-12-10T05:18:58Z" name="Default suite" finished-at="2024-12-10T05:19:00Z" duration-ms="2400">
    <groups>
    </groups>
    <test started-at="2024-12-10T05:18:58Z" name="Default test" finished-at="2024-12-10T05:19:00Z" duration-ms="2400">
      <class name="org.loginrest.Sample">
        <test-method is-config="true" signature="beforeMethod()[pri:0, instance:org.loginrest.Sample@7674b62c]" started-at="2024-12-10T05:18:58Z" name="beforeMethod" finished-at="2024-12-10T05:18:58Z" duration-ms="500" status="PASS">
          <reporter-output>
          </reporter-output>
        </test-method> <!-- beforeMethod -->
        <test-method signature="tc2(java.lang.String, java.lang.String, java.lang.String, java.lang.String)[pri:0, instance:org.loginrest.Sample@7674b62c]" started-at="2024-12-10T05:18:58Z" name="tc2" data-provider="SampleData" finished-at="2024-12-10T05:18:59Z" duration-ms="1090" status="PASS">
          <params>
            <param index="0">
              <value>
                <![CDATA[name]]>
              </value>
            </param>
            <param index="1">
              <value>
                <![CDATA[Ravi]]>
              </value>
            </param>
            <param index="2">
              <value>
                <![CDATA[job]]>
              </value>
            </param>
            <param index="3">
              <value>
                <![CDATA[Developer]]>
              </value>
            </param>
          </params>
          <reporter-output>
          </reporter-output>
        </test-method> <!-- tc2 -->
        <test-method is-config="true" signature="afterMethod()[pri:0, instance:org.loginrest.Sample@7674b62c]" started-at="2024-12-10T05:18:59Z" name="afterMethod" finished-at="2024-12-10T05:18:59Z" duration-ms="36" status="PASS">
          <reporter-output>
          </reporter-output>
        </test-method> <!-- afterMethod -->
        <test-method signature="tc2(java.lang.String, java.lang.String, java.lang.String, java.lang.String)[pri:0, instance:org.loginrest.Sample@7674b62c]" started-at="2024-12-10T05:18:59Z" name="tc2" data-provider="SampleData" finished-at="2024-12-10T05:19:00Z" duration-ms="371" status="PASS">
          <params>
            <param index="0">
              <value>
                <![CDATA[name]]>
              </value>
            </param>
            <param index="1">
              <value>
                <![CDATA[Anand]]>
              </value>
            </param>
            <param index="2">
              <value>
                <![CDATA[job]]>
              </value>
            </param>
            <param index="3">
              <value>
                <![CDATA[QA]]>
              </value>
            </param>
          </params>
          <reporter-output>
          </reporter-output>
        </test-method> <!-- tc2 -->
        <test-method is-config="true" signature="beforeMethod()[pri:0, instance:org.loginrest.Sample@7674b62c]" started-at="2024-12-10T05:18:59Z" name="beforeMethod" finished-at="2024-12-10T05:18:59Z" duration-ms="0" status="PASS">
          <reporter-output>
          </reporter-output>
        </test-method> <!-- beforeMethod -->
        <test-method is-config="true" signature="afterMethod()[pri:0, instance:org.loginrest.Sample@7674b62c]" started-at="2024-12-10T05:19:00Z" name="afterMethod" finished-at="2024-12-10T05:19:00Z" duration-ms="1" status="PASS">
          <reporter-output>
          </reporter-output>
        </test-method> <!-- afterMethod -->
        <test-method is-config="true" signature="beforeMethod()[pri:0, instance:org.loginrest.Sample@7674b62c]" started-at="2024-12-10T05:19:00Z" name="beforeMethod" finished-at="2024-12-10T05:19:00Z" duration-ms="0" status="PASS">
          <reporter-output>
          </reporter-output>
        </test-method> <!-- beforeMethod -->
        <test-method signature="tc2(java.lang.String, java.lang.String, java.lang.String, java.lang.String)[pri:0, instance:org.loginrest.Sample@7674b62c]" started-at="2024-12-10T05:19:00Z" name="tc2" data-provider="SampleData" finished-at="2024-12-10T05:19:00Z" duration-ms="370" status="PASS">
          <params>
            <param index="0">
              <value>
                <![CDATA[name]]>
              </value>
            </param>
            <param index="1">
              <value>
                <![CDATA[Babu]]>
              </value>
            </param>
            <param index="2">
              <value>
                <![CDATA[job]]>
              </value>
            </param>
            <param index="3">
              <value>
                <![CDATA[ScrumMaster]]>
              </value>
            </param>
          </params>
          <reporter-output>
          </reporter-output>
        </test-method> <!-- tc2 -->
        <test-method is-config="true" signature="afterMethod()[pri:0, instance:org.loginrest.Sample@7674b62c]" started-at="2024-12-10T05:19:00Z" name="afterMethod" finished-at="2024-12-10T05:19:00Z" duration-ms="0" status="PASS">
          <reporter-output>
          </reporter-output>
        </test-method> <!-- afterMethod -->
      </class> <!-- org.loginrest.Sample -->
    </test> <!-- Default test -->
  </suite> <!-- Default suite -->
</testng-results>
